Time: 2025-10-03T03:37:06.1155396+03:00
Exception: System.Windows.Markup.XamlParseException: Предоставление значения для "System.Windows.Markup.StaticResourceHolder" вызвало исключение.
 ---> System.Exception: Не удается найти ресурс с именем "ScrollThumbStyle". Имена ресурсов определяются с учетом регистра.
   at System.Windows.StaticResourceExtension.ProvideValueInternal(IServiceProvider serviceProvider, Boolean allowDeferredReference)
   at MS.Internal.Xaml.Runtime.ClrObjectRuntime.CallProvideValue(MarkupExtension me, IServiceProvider serviceProvider)
   --- End of inner exception stack trace ---
   at System.Windows.Markup.XamlReader.RewrapException(Exception e, IXamlLineInfo lineInfo, Uri baseUri)
   at System.Windows.Markup.XamlReader.RewrapException(Exception e, Uri baseUri)
   at System.Windows.FrameworkTemplate.LoadTemplateXaml(XamlReader templateReader, XamlObjectWriter currentWriter)
   at System.Windows.FrameworkTemplate.LoadOptimizedTemplateContent(DependencyObject container, IComponentConnector componentConnector, IStyleConnector styleConnector, List`1 affectedChildren, UncommonField`1 templatedNonFeChildrenField)
   at System.Windows.FrameworkTemplate.LoadContent(DependencyObject container, List`1 affectedChildren)
   at System.Windows.StyleHelper.ApplyTemplateContent(UncommonField`1 dataField, DependencyObject container, FrameworkElementFactory templateRoot, Int32 lastChildIndex, HybridDictionary childIndexFromChildID, FrameworkTemplate frameworkTemplate)
   at System.Windows.FrameworkTemplate.ApplyTemplateContent(UncommonField`1 templateDataField, FrameworkElement container)
   at System.Windows.FrameworkElement.ApplyTemplate()
   at System.Windows.FrameworkElement.MeasureCore(Size availableSize)
   at System.Windows.UIElement.Measure(Size availableSize)
   at System.Windows.Controls.Grid.MeasureCell(Int32 cell, Boolean forceInfinityV)
   at System.Windows.Controls.Grid.MeasureCellsGroup(Int32 cellsHead, Size referenceSize, Boolean ignoreDesiredSizeU, Boolean forceInfinityV, Boolean& hasDesiredSizeUChanged)
   at System.Windows.Controls.Grid.MeasureOverride(Size constraint)
   at System.Windows.FrameworkElement.MeasureCore(Size availableSize)
   at System.Windows.UIElement.Measure(Size availableSize)
   at System.Windows.Controls.ScrollViewer.MeasureOverride(Size constraint)
   at System.Windows.FrameworkElement.MeasureCore(Size availableSize)
   at System.Windows.UIElement.Measure(Size availableSize)
   at System.Windows.Controls.StackPanel.StackMeasureHelper(IStackMeasure measureElement, IStackMeasureScrollData scrollData, Size constraint)
   at System.Windows.Controls.StackPanel.MeasureOverride(Size constraint)
   at System.Windows.FrameworkElement.MeasureCore(Size availableSize)
   at System.Windows.UIElement.Measure(Size availableSize)
   at System.Windows.Controls.Border.MeasureOverride(Size constraint)
   at System.Windows.FrameworkElement.MeasureCore(Size availableSize)
   at System.Windows.UIElement.Measure(Size availableSize)
   at System.Windows.Controls.Grid.MeasureCell(Int32 cell, Boolean forceInfinityV)
   at System.Windows.Controls.Grid.MeasureCellsGroup(Int32 cellsHead, Size referenceSize, Boolean ignoreDesiredSizeU, Boolean forceInfinityV, Boolean& hasDesiredSizeUChanged)
   at System.Windows.Controls.Grid.MeasureOverride(Size constraint)
   at System.Windows.FrameworkElement.MeasureCore(Size availableSize)
   at System.Windows.UIElement.Measure(Size availableSize)
   at MS.Internal.Helper.MeasureElementWithSingleChild(UIElement element, Size constraint)
   at System.Windows.FrameworkElement.MeasureCore(Size availableSize)
   at System.Windows.UIElement.Measure(Size availableSize)
   at System.Windows.Controls.Decorator.MeasureOverride(Size constraint)
   at System.Windows.Documents.AdornerDecorator.MeasureOverride(Size constraint)
   at System.Windows.FrameworkElement.MeasureCore(Size availableSize)
   at System.Windows.UIElement.Measure(Size availableSize)
   at System.Windows.Controls.Border.MeasureOverride(Size constraint)
   at System.Windows.FrameworkElement.MeasureCore(Size availableSize)
   at System.Windows.UIElement.Measure(Size availableSize)
   at System.Windows.Window.MeasureOverrideHelper(Size constraint)
   at System.Windows.Window.MeasureOverride(Size availableSize)
   at System.Windows.FrameworkElement.MeasureCore(Size availableSize)
   at System.Windows.UIElement.Measure(Size availableSize)
   at System.Windows.Interop.HwndSource.SetLayoutSize()
   at System.Windows.Interop.HwndSource.set_RootVisualInternal(Visual value)
   at System.Windows.Window.SetRootVisualAndUpdateSTC()
   at System.Windows.Window.SetupInitialState(Double requestedTop, Double requestedLeft, Double requestedWidth, Double requestedHeight)
   at System.Windows.Window.CreateSourceWindow(Boolean duringShow)
   at System.Windows.Window.ShowHelper(Object booleanBox)
   at System.Windows.Window.Show()
   at MessengerApp.Views.LoginWindow.OpenMainWindowSafe(User user) in C:\Users\St\MessengerWithTasks\MessengerApp\Views\LoginWindow.xaml.cs:line 161
Time: 2025-10-03T03:37:57.7529378+03:00
Exception: System.Windows.Markup.XamlParseException: Предоставление значения для "System.Windows.Markup.StaticResourceHolder" вызвало исключение.
 ---> System.Exception: Не удается найти ресурс с именем "ScrollThumbStyle". Имена ресурсов определяются с учетом регистра.
   at System.Windows.StaticResourceExtension.ProvideValueInternal(IServiceProvider serviceProvider, Boolean allowDeferredReference)
   at MS.Internal.Xaml.Runtime.ClrObjectRuntime.CallProvideValue(MarkupExtension me, IServiceProvider serviceProvider)
   --- End of inner exception stack trace ---
   at System.Windows.Markup.XamlReader.RewrapException(Exception e, IXamlLineInfo lineInfo, Uri baseUri)
   at System.Windows.Markup.XamlReader.RewrapException(Exception e, Uri baseUri)
   at System.Windows.FrameworkTemplate.LoadTemplateXaml(XamlReader templateReader, XamlObjectWriter currentWriter)
   at System.Windows.FrameworkTemplate.LoadOptimizedTemplateContent(DependencyObject container, IComponentConnector componentConnector, IStyleConnector styleConnector, List`1 affectedChildren, UncommonField`1 templatedNonFeChildrenField)
   at System.Windows.FrameworkTemplate.LoadContent(DependencyObject container, List`1 affectedChildren)
   at System.Windows.StyleHelper.ApplyTemplateContent(UncommonField`1 dataField, DependencyObject container, FrameworkElementFactory templateRoot, Int32 lastChildIndex, HybridDictionary childIndexFromChildID, FrameworkTemplate frameworkTemplate)
   at System.Windows.FrameworkTemplate.ApplyTemplateContent(UncommonField`1 templateDataField, FrameworkElement container)
   at System.Windows.FrameworkElement.ApplyTemplate()
   at System.Windows.FrameworkElement.MeasureCore(Size availableSize)
   at System.Windows.UIElement.Measure(Size availableSize)
   at System.Windows.Controls.Grid.MeasureCell(Int32 cell, Boolean forceInfinityV)
   at System.Windows.Controls.Grid.MeasureCellsGroup(Int32 cellsHead, Size referenceSize, Boolean ignoreDesiredSizeU, Boolean forceInfinityV, Boolean& hasDesiredSizeUChanged)
   at System.Windows.Controls.Grid.MeasureOverride(Size constraint)
   at System.Windows.FrameworkElement.MeasureCore(Size availableSize)
   at System.Windows.UIElement.Measure(Size availableSize)
   at System.Windows.Controls.ScrollViewer.MeasureOverride(Size constraint)
   at System.Windows.FrameworkElement.MeasureCore(Size availableSize)
   at System.Windows.UIElement.Measure(Size availableSize)
   at System.Windows.Controls.StackPanel.StackMeasureHelper(IStackMeasure measureElement, IStackMeasureScrollData scrollData, Size constraint)
   at System.Windows.Controls.StackPanel.MeasureOverride(Size constraint)
   at System.Windows.FrameworkElement.MeasureCore(Size availableSize)
   at System.Windows.UIElement.Measure(Size availableSize)
   at System.Windows.Controls.Border.MeasureOverride(Size constraint)
   at System.Windows.FrameworkElement.MeasureCore(Size availableSize)
   at System.Windows.UIElement.Measure(Size availableSize)
   at System.Windows.Controls.Grid.MeasureCell(Int32 cell, Boolean forceInfinityV)
   at System.Windows.Controls.Grid.MeasureCellsGroup(Int32 cellsHead, Size referenceSize, Boolean ignoreDesiredSizeU, Boolean forceInfinityV, Boolean& hasDesiredSizeUChanged)
   at System.Windows.Controls.Grid.MeasureOverride(Size constraint)
   at System.Windows.FrameworkElement.MeasureCore(Size availableSize)
   at System.Windows.UIElement.Measure(Size availableSize)
   at MS.Internal.Helper.MeasureElementWithSingleChild(UIElement element, Size constraint)
   at System.Windows.FrameworkElement.MeasureCore(Size availableSize)
   at System.Windows.UIElement.Measure(Size availableSize)
   at System.Windows.Controls.Decorator.MeasureOverride(Size constraint)
   at System.Windows.Documents.AdornerDecorator.MeasureOverride(Size constraint)
   at System.Windows.FrameworkElement.MeasureCore(Size availableSize)
   at System.Windows.UIElement.Measure(Size availableSize)
   at System.Windows.Controls.Border.MeasureOverride(Size constraint)
   at System.Windows.FrameworkElement.MeasureCore(Size availableSize)
   at System.Windows.UIElement.Measure(Size availableSize)
   at System.Windows.Window.MeasureOverrideHelper(Size constraint)
   at System.Windows.Window.MeasureOverride(Size availableSize)
   at System.Windows.FrameworkElement.MeasureCore(Size availableSize)
   at System.Windows.UIElement.Measure(Size availableSize)
   at System.Windows.Interop.HwndSource.SetLayoutSize()
   at System.Windows.Interop.HwndSource.set_RootVisualInternal(Visual value)
   at System.Windows.Window.SetRootVisualAndUpdateSTC()
   at System.Windows.Window.SetupInitialState(Double requestedTop, Double requestedLeft, Double requestedWidth, Double requestedHeight)
   at System.Windows.Window.CreateSourceWindow(Boolean duringShow)
   at System.Windows.Window.ShowHelper(Object booleanBox)
   at System.Windows.Window.Show()
   at MessengerApp.Views.LoginWindow.OpenMainWindowSafe(User user) in C:\Users\St\MessengerWithTasks\MessengerApp\Views\LoginWindow.xaml.cs:line 161
Time: 2025-10-03T03:37:58.8689530+03:00
Exception: System.Windows.Markup.XamlParseException: Предоставление значения для "System.Windows.Markup.StaticResourceHolder" вызвало исключение.
 ---> System.Exception: Не удается найти ресурс с именем "ScrollThumbStyle". Имена ресурсов определяются с учетом регистра.
   at System.Windows.StaticResourceExtension.ProvideValueInternal(IServiceProvider serviceProvider, Boolean allowDeferredReference)
   at MS.Internal.Xaml.Runtime.ClrObjectRuntime.CallProvideValue(MarkupExtension me, IServiceProvider serviceProvider)
   --- End of inner exception stack trace ---
   at System.Windows.Markup.XamlReader.RewrapException(Exception e, IXamlLineInfo lineInfo, Uri baseUri)
   at System.Windows.Markup.XamlReader.RewrapException(Exception e, Uri baseUri)
   at System.Windows.FrameworkTemplate.LoadTemplateXaml(XamlReader templateReader, XamlObjectWriter currentWriter)
   at System.Windows.FrameworkTemplate.LoadOptimizedTemplateContent(DependencyObject container, IComponentConnector componentConnector, IStyleConnector styleConnector, List`1 affectedChildren, UncommonField`1 templatedNonFeChildrenField)
   at System.Windows.FrameworkTemplate.LoadContent(DependencyObject container, List`1 affectedChildren)
   at System.Windows.StyleHelper.ApplyTemplateContent(UncommonField`1 dataField, DependencyObject container, FrameworkElementFactory templateRoot, Int32 lastChildIndex, HybridDictionary childIndexFromChildID, FrameworkTemplate frameworkTemplate)
   at System.Windows.FrameworkElement.ApplyTemplate()
   at System.Windows.FrameworkElement.MeasureCore(Size availableSize)
   at System.Windows.UIElement.Measure(Size availableSize)
   at System.Windows.Controls.Grid.MeasureCell(Int32 cell, Boolean forceInfinityV)
   at System.Windows.Controls.Grid.MeasureCellsGroup(Int32 cellsHead, Size referenceSize, Boolean ignoreDesiredSizeU, Boolean forceInfinityV, Boolean& hasDesiredSizeUChanged)
   at System.Windows.Controls.Grid.MeasureOverride(Size constraint)
   at System.Windows.FrameworkElement.MeasureCore(Size availableSize)
   at System.Windows.UIElement.Measure(Size availableSize)
   at System.Windows.Controls.ScrollViewer.MeasureOverride(Size constraint)
   at System.Windows.FrameworkElement.MeasureCore(Size availableSize)
   at System.Windows.UIElement.Measure(Size availableSize)
   at System.Windows.Controls.StackPanel.StackMeasureHelper(IStackMeasure measureElement, IStackMeasureScrollData scrollData, Size constraint)
   at System.Windows.Controls.StackPanel.MeasureOverride(Size constraint)
   at System.Windows.FrameworkElement.MeasureCore(Size availableSize)
   at System.Windows.UIElement.Measure(Size availableSize)
   at System.Windows.Controls.Border.MeasureOverride(Size constraint)
   at System.Windows.FrameworkElement.MeasureCore(Size availableSize)
   at System.Windows.UIElement.Measure(Size availableSize)
   at System.Windows.Controls.Grid.MeasureCell(Int32 cell, Boolean forceInfinityV)
   at System.Windows.Controls.Grid.MeasureCellsGroup(Int32 cellsHead, Size referenceSize, Boolean ignoreDesiredSizeU, Boolean forceInfinityV, Boolean& hasDesiredSizeUChanged)
   at System.Windows.Controls.Grid.MeasureOverride(Size constraint)
   at System.Windows.FrameworkElement.MeasureCore(Size availableSize)
   at System.Windows.UIElement.Measure(Size availableSize)
   at MS.Internal.Helper.MeasureElementWithSingleChild(UIElement element, Size constraint)
   at System.Windows.FrameworkElement.MeasureCore(Size availableSize)
   at System.Windows.UIElement.Measure(Size availableSize)
   at System.Windows.Controls.Decorator.MeasureOverride(Size constraint)
   at System.Windows.Documents.AdornerDecorator.MeasureOverride(Size constraint)
   at System.Windows.FrameworkElement.MeasureCore(Size availableSize)
   at System.Windows.UIElement.Measure(Size availableSize)
   at System.Windows.Controls.Border.MeasureOverride(Size constraint)
   at System.Windows.FrameworkElement.MeasureCore(Size availableSize)
   at System.Windows.UIElement.Measure(Size availableSize)
   at System.Windows.Window.MeasureOverrideHelper(Size constraint)
   at System.Windows.Window.MeasureOverride(Size availableSize)
   at System.Windows.FrameworkElement.MeasureCore(Size availableSize)
   at System.Windows.UIElement.Measure(Size availableSize)
   at System.Windows.Interop.HwndSource.SetLayoutSize()
   at System.Windows.Interop.HwndSource.set_RootVisualInternal(Visual value)
   at System.Windows.Window.SetRootVisualAndUpdateSTC()
   at System.Windows.Window.SetupInitialState(Double requestedTop, Double requestedLeft, Double requestedWidth, Double requestedHeight)
   at System.Windows.Window.CreateSourceWindow(Boolean duringShow)
   at System.Windows.Window.ShowHelper(Object booleanBox)
   at System.Windows.Window.Show()
   at MessengerApp.Views.LoginWindow.OpenMainWindowSafe(User user) in C:\Users\St\MessengerWithTasks\MessengerApp\Views\LoginWindow.xaml.cs:line 161
Time: 2025-10-03T03:46:50.0106215+03:00
Exception: System.Windows.Markup.XamlParseException: Предоставление значения для "System.Windows.Markup.StaticResourceHolder" вызвало исключение.
 ---> System.Exception: Не удается найти ресурс с именем "BoolToAlignmentConverter". Имена ресурсов определяются с учетом регистра.
   at System.Windows.StaticResourceExtension.ProvideValueInternal(IServiceProvider serviceProvider, Boolean allowDeferredReference)
   at MS.Internal.Xaml.Runtime.ClrObjectRuntime.CallProvideValue(MarkupExtension me, IServiceProvider serviceProvider)
   --- End of inner exception stack trace ---
   at System.Windows.Markup.XamlReader.RewrapException(Exception e, IXamlLineInfo lineInfo, Uri baseUri)
   at System.Windows.Markup.XamlReader.RewrapException(Exception e, Uri baseUri)
   at System.Windows.FrameworkTemplate.LoadTemplateXaml(XamlReader templateReader, XamlObjectWriter currentWriter)
   at System.Windows.FrameworkTemplate.LoadOptimizedTemplateContent(DependencyObject container, IComponentConnector componentConnector, IStyleConnector styleConnector, List`1 affectedChildren, UncommonField`1 templatedNonFeChildrenField)
   at System.Windows.FrameworkTemplate.LoadContent(DependencyObject container, List`1 affectedChildren)
   at System.Windows.StyleHelper.ApplyTemplateContent(UncommonField`1 dataField, DependencyObject container, FrameworkElementFactory templateRoot, Int32 lastChildIndex, HybridDictionary childIndexFromChildID, FrameworkTemplate frameworkTemplate)
   at System.Windows.FrameworkTemplate.ApplyTemplateContent(UncommonField`1 templateDataField, FrameworkElement container)
   at System.Windows.FrameworkElement.ApplyTemplate()
   at System.Windows.FrameworkElement.MeasureCore(Size availableSize)
   at System.Windows.UIElement.Measure(Size availableSize)
   at System.Windows.Controls.StackPanel.StackMeasureHelper(IStackMeasure measureElement, IStackMeasureScrollData scrollData, Size constraint)
   at System.Windows.Controls.StackPanel.MeasureOverride(Size constraint)
   at System.Windows.FrameworkElement.MeasureCore(Size availableSize)
   at System.Windows.UIElement.Measure(Size availableSize)
   at MS.Internal.Helper.MeasureElementWithSingleChild(UIElement element, Size constraint)
   at System.Windows.FrameworkElement.MeasureCore(Size availableSize)
   at System.Windows.UIElement.Measure(Size availableSize)
   at System.Windows.Controls.Border.MeasureOverride(Size constraint)
   at System.Windows.FrameworkElement.MeasureCore(Size availableSize)
   at System.Windows.UIElement.Measure(Size availableSize)
   at System.Windows.Controls.Control.MeasureOverride(Size constraint)
   at System.Windows.FrameworkElement.MeasureCore(Size availableSize)
   at System.Windows.UIElement.Measure(Size availableSize)
   at MS.Internal.Helper.MeasureElementWithSingleChild(UIElement element, Size constraint)
   at System.Windows.Controls.ScrollContentPresenter.MeasureOverride(Size constraint)
   at System.Windows.FrameworkElement.MeasureCore(Size availableSize)
   at System.Windows.UIElement.Measure(Size availableSize)
   at System.Windows.Controls.Grid.MeasureCell(Int32 cell, Boolean forceInfinityV)
   at System.Windows.Controls.Grid.MeasureCellsGroup(Int32 cellsHead, Size referenceSize, Boolean ignoreDesiredSizeU, Boolean forceInfinityV, Boolean& hasDesiredSizeUChanged)
   at System.Windows.Controls.Grid.MeasureOverride(Size constraint)
   at System.Windows.FrameworkElement.MeasureCore(Size availableSize)
   at System.Windows.UIElement.Measure(Size availableSize)
   at System.Windows.Controls.ScrollViewer.MeasureOverride(Size constraint)
   at System.Windows.FrameworkElement.MeasureCore(Size availableSize)
   at System.Windows.UIElement.Measure(Size availableSize)
   at System.Windows.Controls.Grid.MeasureCell(Int32 cell, Boolean forceInfinityV)
   at System.Windows.Controls.Grid.MeasureCellsGroup(Int32 cellsHead, Size referenceSize, Boolean ignoreDesiredSizeU, Boolean forceInfinityV, Boolean& hasDesiredSizeUChanged)
   at System.Windows.Controls.Grid.MeasureOverride(Size constraint)
   at System.Windows.FrameworkElement.MeasureCore(Size availableSize)
   at System.Windows.UIElement.Measure(Size availableSize)
   at System.Windows.Controls.Border.MeasureOverride(Size constraint)
   at System.Windows.FrameworkElement.MeasureCore(Size availableSize)
   at System.Windows.UIElement.Measure(Size availableSize)
   at System.Windows.Controls.Grid.MeasureCell(Int32 cell, Boolean forceInfinityV)
   at System.Windows.Controls.Grid.MeasureCellsGroup(Int32 cellsHead, Size referenceSize, Boolean ignoreDesiredSizeU, Boolean forceInfinityV, Boolean& hasDesiredSizeUChanged)
   at System.Windows.Controls.Grid.MeasureOverride(Size constraint)
   at System.Windows.FrameworkElement.MeasureCore(Size availableSize)
   at System.Windows.UIElement.Measure(Size availableSize)
   at MS.Internal.Helper.MeasureElementWithSingleChild(UIElement element, Size constraint)
   at System.Windows.FrameworkElement.MeasureCore(Size availableSize)
   at System.Windows.UIElement.Measure(Size availableSize)
   at System.Windows.Controls.Decorator.MeasureOverride(Size constraint)
   at System.Windows.Documents.AdornerDecorator.MeasureOverride(Size constraint)
   at System.Windows.FrameworkElement.MeasureCore(Size availableSize)
   at System.Windows.UIElement.Measure(Size availableSize)
   at System.Windows.Controls.Border.MeasureOverride(Size constraint)
   at System.Windows.FrameworkElement.MeasureCore(Size availableSize)
   at System.Windows.UIElement.Measure(Size availableSize)
   at System.Windows.Window.MeasureOverrideHelper(Size constraint)
   at System.Windows.Window.MeasureOverride(Size availableSize)
   at System.Windows.FrameworkElement.MeasureCore(Size availableSize)
   at System.Windows.UIElement.Measure(Size availableSize)
   at System.Windows.Interop.HwndSource.SetLayoutSize()
   at System.Windows.Interop.HwndSource.set_RootVisualInternal(Visual value)
   at System.Windows.Window.SetRootVisualAndUpdateSTC()
   at System.Windows.Window.SetupInitialState(Double requestedTop, Double requestedLeft, Double requestedWidth, Double requestedHeight)
   at System.Windows.Window.CreateSourceWindow(Boolean duringShow)
   at System.Windows.Window.ShowHelper(Object booleanBox)
   at System.Windows.Window.Show()
   at MessengerApp.Views.LoginWindow.OpenMainWindowSafe(User user) in C:\Users\St\MessengerWithTasks\MessengerApp\Views\LoginWindow.xaml.cs:line 161
Time: 2025-10-03T03:47:21.2158492+03:00
Exception: System.Windows.Markup.XamlParseException: Предоставление значения для "System.Windows.Markup.StaticResourceHolder" вызвало исключение.
 ---> System.Exception: Не удается найти ресурс с именем "BoolToAlignmentConverter". Имена ресурсов определяются с учетом регистра.
   at System.Windows.StaticResourceExtension.ProvideValueInternal(IServiceProvider serviceProvider, Boolean allowDeferredReference)
   at MS.Internal.Xaml.Runtime.ClrObjectRuntime.CallProvideValue(MarkupExtension me, IServiceProvider serviceProvider)
   --- End of inner exception stack trace ---
   at System.Windows.Markup.XamlReader.RewrapException(Exception e, IXamlLineInfo lineInfo, Uri baseUri)
   at System.Windows.Markup.XamlReader.RewrapException(Exception e, Uri baseUri)
   at System.Windows.FrameworkTemplate.LoadTemplateXaml(XamlReader templateReader, XamlObjectWriter currentWriter)
   at System.Windows.FrameworkTemplate.LoadOptimizedTemplateContent(DependencyObject container, IComponentConnector componentConnector, IStyleConnector styleConnector, List`1 affectedChildren, UncommonField`1 templatedNonFeChildrenField)
   at System.Windows.FrameworkTemplate.LoadContent(DependencyObject container, List`1 affectedChildren)
   at System.Windows.StyleHelper.ApplyTemplateContent(UncommonField`1 dataField, DependencyObject container, FrameworkElementFactory templateRoot, Int32 lastChildIndex, HybridDictionary childIndexFromChildID, FrameworkTemplate frameworkTemplate)
   at System.Windows.FrameworkTemplate.ApplyTemplateContent(UncommonField`1 templateDataField, FrameworkElement container)
   at System.Windows.FrameworkElement.ApplyTemplate()
   at System.Windows.FrameworkElement.MeasureCore(Size availableSize)
   at System.Windows.UIElement.Measure(Size availableSize)
   at System.Windows.Controls.StackPanel.StackMeasureHelper(IStackMeasure measureElement, IStackMeasureScrollData scrollData, Size constraint)
   at System.Windows.Controls.StackPanel.MeasureOverride(Size constraint)
   at System.Windows.FrameworkElement.MeasureCore(Size availableSize)
   at System.Windows.UIElement.Measure(Size availableSize)
   at MS.Internal.Helper.MeasureElementWithSingleChild(UIElement element, Size constraint)
   at System.Windows.FrameworkElement.MeasureCore(Size availableSize)
   at System.Windows.UIElement.Measure(Size availableSize)
   at System.Windows.Controls.Border.MeasureOverride(Size constraint)
   at System.Windows.FrameworkElement.MeasureCore(Size availableSize)
   at System.Windows.UIElement.Measure(Size availableSize)
   at System.Windows.Controls.Control.MeasureOverride(Size constraint)
   at System.Windows.FrameworkElement.MeasureCore(Size availableSize)
   at System.Windows.UIElement.Measure(Size availableSize)
   at MS.Internal.Helper.MeasureElementWithSingleChild(UIElement element, Size constraint)
   at System.Windows.Controls.ScrollContentPresenter.MeasureOverride(Size constraint)
   at System.Windows.FrameworkElement.MeasureCore(Size availableSize)
   at System.Windows.UIElement.Measure(Size availableSize)
   at System.Windows.Controls.Grid.MeasureCell(Int32 cell, Boolean forceInfinityV)
   at System.Windows.Controls.Grid.MeasureCellsGroup(Int32 cellsHead, Size referenceSize, Boolean ignoreDesiredSizeU, Boolean forceInfinityV, Boolean& hasDesiredSizeUChanged)
   at System.Windows.Controls.Grid.MeasureOverride(Size constraint)
   at System.Windows.FrameworkElement.MeasureCore(Size availableSize)
   at System.Windows.UIElement.Measure(Size availableSize)
   at System.Windows.Controls.ScrollViewer.MeasureOverride(Size constraint)
   at System.Windows.FrameworkElement.MeasureCore(Size availableSize)
   at System.Windows.UIElement.Measure(Size availableSize)
   at System.Windows.Controls.Grid.MeasureCell(Int32 cell, Boolean forceInfinityV)
   at System.Windows.Controls.Grid.MeasureCellsGroup(Int32 cellsHead, Size referenceSize, Boolean ignoreDesiredSizeU, Boolean forceInfinityV, Boolean& hasDesiredSizeUChanged)
   at System.Windows.Controls.Grid.MeasureOverride(Size constraint)
   at System.Windows.FrameworkElement.MeasureCore(Size availableSize)
   at System.Windows.UIElement.Measure(Size availableSize)
   at System.Windows.Controls.Border.MeasureOverride(Size constraint)
   at System.Windows.FrameworkElement.MeasureCore(Size availableSize)
   at System.Windows.UIElement.Measure(Size availableSize)
   at System.Windows.Controls.Grid.MeasureCell(Int32 cell, Boolean forceInfinityV)
   at System.Windows.Controls.Grid.MeasureCellsGroup(Int32 cellsHead, Size referenceSize, Boolean ignoreDesiredSizeU, Boolean forceInfinityV, Boolean& hasDesiredSizeUChanged)
   at System.Windows.Controls.Grid.MeasureOverride(Size constraint)
   at System.Windows.FrameworkElement.MeasureCore(Size availableSize)
   at System.Windows.UIElement.Measure(Size availableSize)
   at MS.Internal.Helper.MeasureElementWithSingleChild(UIElement element, Size constraint)
   at System.Windows.FrameworkElement.MeasureCore(Size availableSize)
   at System.Windows.UIElement.Measure(Size availableSize)
   at System.Windows.Controls.Decorator.MeasureOverride(Size constraint)
   at System.Windows.Documents.AdornerDecorator.MeasureOverride(Size constraint)
   at System.Windows.FrameworkElement.MeasureCore(Size availableSize)
   at System.Windows.UIElement.Measure(Size availableSize)
   at System.Windows.Controls.Border.MeasureOverride(Size constraint)
   at System.Windows.FrameworkElement.MeasureCore(Size availableSize)
   at System.Windows.UIElement.Measure(Size availableSize)
   at System.Windows.Window.MeasureOverrideHelper(Size constraint)
   at System.Windows.Window.MeasureOverride(Size availableSize)
   at System.Windows.FrameworkElement.MeasureCore(Size availableSize)
   at System.Windows.UIElement.Measure(Size availableSize)
   at System.Windows.Interop.HwndSource.SetLayoutSize()
   at System.Windows.Interop.HwndSource.set_RootVisualInternal(Visual value)
   at System.Windows.Window.SetRootVisualAndUpdateSTC()
   at System.Windows.Window.SetupInitialState(Double requestedTop, Double requestedLeft, Double requestedWidth, Double requestedHeight)
   at System.Windows.Window.CreateSourceWindow(Boolean duringShow)
   at System.Windows.Window.ShowHelper(Object booleanBox)
   at System.Windows.Window.Show()
   at MessengerApp.Views.LoginWindow.OpenMainWindowSafe(User user) in C:\Users\St\MessengerWithTasks\MessengerApp\Views\LoginWindow.xaml.cs:line 161
Time: 2025-10-03T03:47:24.4487802+03:00
Exception: System.Windows.Markup.XamlParseException: Предоставление значения для "System.Windows.Markup.StaticResourceHolder" вызвало исключение.
 ---> System.Exception: Не удается найти ресурс с именем "BoolToAlignmentConverter". Имена ресурсов определяются с учетом регистра.
   at System.Windows.StaticResourceExtension.ProvideValueInternal(IServiceProvider serviceProvider, Boolean allowDeferredReference)
   at MS.Internal.Xaml.Runtime.ClrObjectRuntime.CallProvideValue(MarkupExtension me, IServiceProvider serviceProvider)
   --- End of inner exception stack trace ---
   at System.Windows.Markup.XamlReader.RewrapException(Exception e, IXamlLineInfo lineInfo, Uri baseUri)
   at System.Windows.Markup.XamlReader.RewrapException(Exception e, Uri baseUri)
   at System.Windows.FrameworkTemplate.LoadTemplateXaml(XamlReader templateReader, XamlObjectWriter currentWriter)
   at System.Windows.FrameworkTemplate.LoadOptimizedTemplateContent(DependencyObject container, IComponentConnector componentConnector, IStyleConnector styleConnector, List`1 affectedChildren, UncommonField`1 templatedNonFeChildrenField)
   at System.Windows.FrameworkTemplate.LoadContent(DependencyObject container, List`1 affectedChildren)
   at System.Windows.StyleHelper.ApplyTemplateContent(UncommonField`1 dataField, DependencyObject container, FrameworkElementFactory templateRoot, Int32 lastChildIndex, HybridDictionary childIndexFromChildID, FrameworkTemplate frameworkTemplate)
   at System.Windows.FrameworkTemplate.ApplyTemplateContent(UncommonField`1 templateDataField, FrameworkElement container)
   at System.Windows.FrameworkElement.ApplyTemplate()
   at System.Windows.FrameworkElement.MeasureCore(Size availableSize)
   at System.Windows.UIElement.Measure(Size availableSize)
   at System.Windows.Controls.StackPanel.StackMeasureHelper(IStackMeasure measureElement, IStackMeasureScrollData scrollData, Size constraint)
   at System.Windows.Controls.StackPanel.MeasureOverride(Size constraint)
   at System.Windows.FrameworkElement.MeasureCore(Size availableSize)
   at System.Windows.UIElement.Measure(Size availableSize)
   at MS.Internal.Helper.MeasureElementWithSingleChild(UIElement element, Size constraint)
   at System.Windows.FrameworkElement.MeasureCore(Size availableSize)
   at System.Windows.UIElement.Measure(Size availableSize)
   at System.Windows.Controls.Border.MeasureOverride(Size constraint)
   at System.Windows.FrameworkElement.MeasureCore(Size availableSize)
   at System.Windows.UIElement.Measure(Size availableSize)
   at System.Windows.Controls.Control.MeasureOverride(Size constraint)
   at System.Windows.FrameworkElement.MeasureCore(Size availableSize)
   at System.Windows.UIElement.Measure(Size availableSize)
   at MS.Internal.Helper.MeasureElementWithSingleChild(UIElement element, Size constraint)
   at System.Windows.Controls.ScrollContentPresenter.MeasureOverride(Size constraint)
   at System.Windows.FrameworkElement.MeasureCore(Size availableSize)
   at System.Windows.UIElement.Measure(Size availableSize)
   at System.Windows.Controls.Grid.MeasureCell(Int32 cell, Boolean forceInfinityV)
   at System.Windows.Controls.Grid.MeasureCellsGroup(Int32 cellsHead, Size referenceSize, Boolean ignoreDesiredSizeU, Boolean forceInfinityV, Boolean& hasDesiredSizeUChanged)
   at System.Windows.Controls.Grid.MeasureOverride(Size constraint)
   at System.Windows.FrameworkElement.MeasureCore(Size availableSize)
   at System.Windows.UIElement.Measure(Size availableSize)
   at System.Windows.Controls.ScrollViewer.MeasureOverride(Size constraint)
   at System.Windows.FrameworkElement.MeasureCore(Size availableSize)
   at System.Windows.UIElement.Measure(Size availableSize)
   at System.Windows.Controls.Grid.MeasureCell(Int32 cell, Boolean forceInfinityV)
   at System.Windows.Controls.Grid.MeasureCellsGroup(Int32 cellsHead, Size referenceSize, Boolean ignoreDesiredSizeU, Boolean forceInfinityV, Boolean& hasDesiredSizeUChanged)
   at System.Windows.Controls.Grid.MeasureOverride(Size constraint)
   at System.Windows.FrameworkElement.MeasureCore(Size availableSize)
   at System.Windows.UIElement.Measure(Size availableSize)
   at System.Windows.Controls.Border.MeasureOverride(Size constraint)
   at System.Windows.FrameworkElement.MeasureCore(Size availableSize)
   at System.Windows.UIElement.Measure(Size availableSize)
   at System.Windows.Controls.Grid.MeasureCell(Int32 cell, Boolean forceInfinityV)
   at System.Windows.Controls.Grid.MeasureCellsGroup(Int32 cellsHead, Size referenceSize, Boolean ignoreDesiredSizeU, Boolean forceInfinityV, Boolean& hasDesiredSizeUChanged)
   at System.Windows.Controls.Grid.MeasureOverride(Size constraint)
   at System.Windows.FrameworkElement.MeasureCore(Size availableSize)
   at System.Windows.UIElement.Measure(Size availableSize)
   at MS.Internal.Helper.MeasureElementWithSingleChild(UIElement element, Size constraint)
   at System.Windows.FrameworkElement.MeasureCore(Size availableSize)
   at System.Windows.UIElement.Measure(Size availableSize)
   at System.Windows.Controls.Decorator.MeasureOverride(Size constraint)
   at System.Windows.Documents.AdornerDecorator.MeasureOverride(Size constraint)
   at System.Windows.FrameworkElement.MeasureCore(Size availableSize)
   at System.Windows.UIElement.Measure(Size availableSize)
   at System.Windows.Controls.Border.MeasureOverride(Size constraint)
   at System.Windows.FrameworkElement.MeasureCore(Size availableSize)
   at System.Windows.UIElement.Measure(Size availableSize)
   at System.Windows.Window.MeasureOverrideHelper(Size constraint)
   at System.Windows.Window.MeasureOverride(Size availableSize)
   at System.Windows.FrameworkElement.MeasureCore(Size availableSize)
   at System.Windows.UIElement.Measure(Size availableSize)
   at System.Windows.Interop.HwndSource.SetLayoutSize()
   at System.Windows.Interop.HwndSource.set_RootVisualInternal(Visual value)
   at System.Windows.Window.SetRootVisualAndUpdateSTC()
   at System.Windows.Window.SetupInitialState(Double requestedTop, Double requestedLeft, Double requestedWidth, Double requestedHeight)
   at System.Windows.Window.CreateSourceWindow(Boolean duringShow)
   at System.Windows.Window.ShowHelper(Object booleanBox)
   at System.Windows.Window.Show()
   at MessengerApp.Views.LoginWindow.OpenMainWindowSafe(User user) in C:\Users\St\MessengerWithTasks\MessengerApp\Views\LoginWindow.xaml.cs:line 161
